2019-09-23_10:47:53 [failed] Service qosd is down.
2019-09-23_10:47:53 [failed] 1st try to start service qosd.
2019-09-23_10:47:53 [failed] Result: 
2019-09-23_10:47:53 [ ok ] Service qosd is started.
2019-09-23_10:48:23 [ ok ] Service qosd is alive.
2019-09-23_10:48:53 [ ok ] Service qosd is alive.
2019-09-23_10:49:23 [ ok ] Service qosd is alive.
2019-09-23_10:57:46 [failed] Service qosd is down.
move /home/wangzijie/qos/logs/qosd_latest.log to /home/wangzijie/qos/logs/qosd_2019-09-23_10:57:46.log
2019-09-23_10:57:46 [failed] 1st try to start service qosd.
2019-09-23_10:57:46 [failed] Result: 
2019-09-23_10:57:46 [ ok ] Service qosd is started.
2019-09-23_10:58:16 [ ok ] Service qosd is alive.
2019-09-23_10:58:46 [ ok ] Service qosd is alive.
2019-09-23_10:59:16 [ ok ] Service qosd is alive.
2019-09-23_10:59:46 [ ok ] Service qosd is alive.
2019-09-23_11:00:16 [ ok ] Service qosd is alive.
2019-09-23_11:00:46 [ ok ] Service qosd is alive.
2019-09-23_11:01:16 [ ok ] Service qosd is alive.
2019-09-23_11:01:46 [ ok ] Service qosd is alive.
2019-09-23_11:02:16 [ ok ] Service qosd is alive.
2019-09-23_11:03:01 [failed] Service qosd is down.
move /home/wangzijie/qos/logs/qosd_latest.log to /home/wangzijie/qos/logs/qosd_2019-09-23_11:03:01.log
2019-09-23_11:03:01 [failed] 1st try to start service qosd.
2019-09-23_11:03:01 [failed] Result: 
2019-09-23_11:03:01 [ ok ] Service qosd is started.
2019-09-23_11:03:31 [ ok ] Service qosd is alive.
2019-09-23_11:04:01 [ ok ] Service qosd is alive.
2019-09-23_11:04:37 [failed] Service qosd is down.
move /home/wangzijie/qos/logs/qosd_latest.log to /home/wangzijie/qos/logs/qosd_2019-09-23_11:04:37.log
2019-09-23_11:04:37 [failed] 1st try to start service qosd.
2019-09-23_11:04:37 [failed] Result: 
2019-09-23_11:04:37 [ ok ] Service qosd is started.
2019-09-23_11:05:07 [ ok ] Service qosd is alive.
2019-09-23_11:05:37 [ ok ] Service qosd is alive.
2019-09-23_11:06:07 [ ok ] Service qosd is alive.
2019-09-23_11:06:29 [failed] Service qosd is down.
move /home/wangzijie/qos/logs/qosd_latest.log to /home/wangzijie/qos/logs/qosd_2019-09-23_11:06:29.log
2019-09-23_11:06:29 [failed] 1st try to start service qosd.
2019-09-23_11:06:29 [failed] Result: 
2019-09-23_11:06:29 [ ok ] Service qosd is started.
2019-09-23_11:06:59 [ ok ] Service qosd is alive.
2019-09-23_11:07:29 [ ok ] Service qosd is alive.
2019-09-23_11:08:07 [failed] Service qosd is down.
move /home/wangzijie/qos/logs/qosd_latest.log to /home/wangzijie/qos/logs/qosd_2019-09-23_11:08:07.log
2019-09-23_11:08:07 [failed] 1st try to start service qosd.
2019-09-23_11:08:07 [failed] Result: 
2019-09-23_11:08:07 [ ok ] Service qosd is started.
2019-09-23_11:08:37 [ ok ] Service qosd is alive.
2019-09-23_11:09:20 [failed] Service qosd is down.
move /home/wangzijie/qos/logs/qosd_latest.log to /home/wangzijie/qos/logs/qosd_2019-09-23_11:09:20.log
2019-09-23_11:09:20 [failed] 1st try to start service qosd.
2019-09-23_11:09:20 [failed] Result: 
2019-09-23_11:09:20 [ ok ] Service qosd is started.
2019-09-23_11:09:51 [ ok ] Service qosd is alive.
2019-09-23_11:10:21 [ ok ] Service qosd is alive.
2019-09-23_11:10:51 [ ok ] Service qosd is alive.
2019-09-23_11:11:21 [ ok ] Service qosd is alive.
2019-09-23_11:11:51 [ ok ] Service qosd is alive.
2019-09-23_11:12:21 [ ok ] Service qosd is alive.
2019-09-23_11:12:51 [ ok ] Service qosd is alive.
2019-09-23_11:13:21 [ ok ] Service qosd is alive.
2019-09-23_11:13:51 [ ok ] Service qosd is alive.
2019-09-23_11:14:21 [ ok ] Service qosd is alive.
2019-09-23_11:14:51 [failed] Service qosd is down.
move /home/wangzijie/qos/logs/qosd_latest.log to /home/wangzijie/qos/logs/qosd_2019-09-23_11:14:51.log
2019-09-23_11:14:51 [failed] 1st try to start service qosd.
2019-09-23_11:14:51 [failed] Result: 
2019-09-23_11:14:51 [ ok ] Service qosd is started.
2019-09-23_11:15:21 [failed] Service qosd is down.
move /home/wangzijie/qos/logs/qosd_latest.log to /home/wangzijie/qos/logs/qosd_2019-09-23_11:15:21.log
2019-09-23_11:15:21 [failed] 1st try to start service qosd.
2019-09-23_11:15:21 [failed] Result: 
2019-09-23_11:15:21 [ ok ] Service qosd is started.
2019-09-23_11:15:51 [failed] Service qosd is down.
move /home/wangzijie/qos/logs/qosd_latest.log to /home/wangzijie/qos/logs/qosd_2019-09-23_11:15:51.log
2019-09-23_11:15:51 [failed] 1st try to start service qosd.
2019-09-23_11:15:51 [failed] Result: 
2019-09-23_11:15:51 [ ok ] Service qosd is started.
2019-09-23_11:16:21 [ ok ] Service qosd is alive.
2019-09-23_11:16:51 [ ok ] Service qosd is alive.
2019-09-23_11:17:21 [ ok ] Service qosd is alive.
2019-09-23_11:17:51 [ ok ] Service qosd is alive.
2019-09-23_11:18:21 [ ok ] Service qosd is alive.
2019-09-23_11:18:51 [ ok ] Service qosd is alive.
2019-09-23_11:19:21 [ ok ] Service qosd is alive.
2019-09-23_11:19:51 [ ok ] Service qosd is alive.
2019-09-23_11:20:21 [ ok ] Service qosd is alive.
2019-09-23_11:20:51 [ ok ] Service qosd is alive.
2019-09-23_11:21:21 [ ok ] Service qosd is alive.
2019-09-23_11:21:51 [ ok ] Service qosd is alive.
2019-09-23_11:22:21 [ ok ] Service qosd is alive.
2019-09-23_11:22:51 [ ok ] Service qosd is alive.
2019-09-23_11:23:21 [ ok ] Service qosd is alive.
2019-09-23_11:23:51 [ ok ] Service qosd is alive.
2019-09-23_11:24:21 [ ok ] Service qosd is alive.
2019-09-23_11:24:51 [ ok ] Service qosd is alive.
2019-09-23_11:25:21 [ ok ] Service qosd is alive.
2019-09-23_11:25:51 [ ok ] Service qosd is alive.
2019-09-23_11:26:21 [ ok ] Service qosd is alive.
2019-09-23_11:26:51 [ ok ] Service qosd is alive.
2019-09-23_11:27:21 [ ok ] Service qosd is alive.
2019-09-23_11:27:51 [ ok ] Service qosd is alive.
2019-09-23_11:28:21 [ ok ] Service qosd is alive.
2019-09-23_11:28:51 [ ok ] Service qosd is alive.
2019-09-23_11:29:21 [failed] Service qosd is down.
move /home/wangzijie/qos/logs/qosd_latest.log to /home/wangzijie/qos/logs/qosd_2019-09-23_11:29:21.log
2019-09-23_11:29:21 [failed] 1st try to start service qosd.
2019-09-23_11:29:21 [failed] Result: 
2019-09-23_11:29:21 [ ok ] Service qosd is started.
2019-09-23_11:29:51 [ ok ] Service qosd is alive.
2019-09-23_11:30:21 [ ok ] Service qosd is alive.
2019-09-23_11:30:51 [ ok ] Service qosd is alive.
2019-09-23_11:31:21 [ ok ] Service qosd is alive.
2019-09-23_11:31:51 [ ok ] Service qosd is alive.
2019-09-23_11:32:07 [failed] Service qosd is down.
move /home/wangzijie/qos/logs/qosd_latest.log to /home/wangzijie/qos/logs/qosd_2019-09-23_11:32:07.log
2019-09-23_11:32:07 [failed] 1st try to start service qosd.
2019-09-23_11:32:07 [failed] Result: 
2019-09-23_11:32:07 [ ok ] Service qosd is started.
2019-09-23_11:32:37 [ ok ] Service qosd is alive.
2019-09-23_11:33:07 [ ok ] Service qosd is alive.
2019-09-23_11:33:37 [ ok ] Service qosd is alive.
2019-09-23_11:34:07 [ ok ] Service qosd is alive.
2019-09-23_11:34:37 [ ok ] Service qosd is alive.
2019-09-23_11:35:07 [ ok ] Service qosd is alive.
2019-09-23_11:35:37 [ ok ] Service qosd is alive.
2019-09-23_11:36:07 [ ok ] Service qosd is alive.
2019-09-23_11:36:37 [ ok ] Service qosd is alive.
2019-09-23_11:37:07 [ ok ] Service qosd is alive.
2019-09-23_11:37:37 [ ok ] Service qosd is alive.
2019-09-23_11:38:08 [ ok ] Service qosd is alive.
2019-09-23_11:38:38 [ ok ] Service qosd is alive.
2019-09-23_11:39:08 [ ok ] Service qosd is alive.
2019-09-23_11:39:38 [ ok ] Service qosd is alive.
2019-09-23_11:40:08 [ ok ] Service qosd is alive.
2019-09-23_11:40:38 [ ok ] Service qosd is alive.
2019-09-23_11:41:08 [ ok ] Service qosd is alive.
2019-09-23_11:41:38 [ ok ] Service qosd is alive.
2019-09-23_11:42:08 [ ok ] Service qosd is alive.
2019-09-23_11:42:38 [ ok ] Service qosd is alive.
2019-09-23_11:43:08 [ ok ] Service qosd is alive.
2019-09-23_11:43:38 [ ok ] Service qosd is alive.
2019-09-23_11:44:08 [ ok ] Service qosd is alive.
2019-09-23_11:44:38 [ ok ] Service qosd is alive.
2019-09-23_11:45:08 [ ok ] Service qosd is alive.
2019-09-23_11:45:38 [ ok ] Service qosd is alive.
2019-09-23_11:46:08 [ ok ] Service qosd is alive.
2019-09-23_11:46:38 [ ok ] Service qosd is alive.
2019-09-23_11:47:08 [ ok ] Service qosd is alive.
2019-09-23_11:47:38 [ ok ] Service qosd is alive.
2019-09-23_11:48:08 [ ok ] Service qosd is alive.
2019-09-23_11:48:38 [ ok ] Service qosd is alive.
2019-09-23_11:49:08 [ ok ] Service qosd is alive.
2019-09-23_11:49:38 [ ok ] Service qosd is alive.
2019-09-23_11:50:08 [ ok ] Service qosd is alive.
2019-09-23_11:50:38 [ ok ] Service qosd is alive.
2019-09-23_11:51:08 [ ok ] Service qosd is alive.
2019-09-23_11:51:38 [ ok ] Service qosd is alive.
2019-09-23_11:52:08 [ ok ] Service qosd is alive.
2019-09-23_11:52:38 [ ok ] Service qosd is alive.
2019-09-23_11:53:08 [ ok ] Service qosd is alive.
2019-09-23_11:53:38 [ ok ] Service qosd is alive.
2019-09-23_11:54:08 [ ok ] Service qosd is alive.
2019-09-23_11:54:38 [ ok ] Service qosd is alive.
2019-09-23_11:55:08 [ ok ] Service qosd is alive.
2019-09-23_11:55:38 [ ok ] Service qosd is alive.
2019-09-23_11:56:08 [ ok ] Service qosd is alive.
2019-09-23_11:56:38 [ ok ] Service qosd is alive.
2019-09-23_11:57:08 [ ok ] Service qosd is alive.
2019-09-23_11:57:38 [ ok ] Service qosd is alive.
2019-09-23_11:58:08 [ ok ] Service qosd is alive.
2019-09-23_11:58:38 [ ok ] Service qosd is alive.
2019-09-23_11:59:08 [ ok ] Service qosd is alive.
2019-09-23_11:59:38 [ ok ] Service qosd is alive.
2019-09-23_12:00:08 [ ok ] Service qosd is alive.
2019-09-23_12:00:38 [ ok ] Service qosd is alive.
2019-09-23_12:01:08 [ ok ] Service qosd is alive.
2019-09-23_12:01:38 [ ok ] Service qosd is alive.
2019-09-23_12:02:08 [ ok ] Service qosd is alive.
2019-09-23_12:02:39 [ ok ] Service qosd is alive.
2019-09-23_12:03:09 [ ok ] Service qosd is alive.
2019-09-23_12:03:39 [ ok ] Service qosd is alive.
2019-09-23_12:04:09 [ ok ] Service qosd is alive.
2019-09-23_12:04:39 [ ok ] Service qosd is alive.
2019-09-23_12:05:09 [ ok ] Service qosd is alive.
2019-09-23_12:05:39 [ ok ] Service qosd is alive.
2019-09-23_12:06:09 [ ok ] Service qosd is alive.
2019-09-23_12:06:39 [ ok ] Service qosd is alive.
2019-09-23_12:07:09 [ ok ] Service qosd is alive.
2019-09-23_12:07:39 [ ok ] Service qosd is alive.
2019-09-23_12:08:09 [ ok ] Service qosd is alive.
2019-09-23_12:08:39 [ ok ] Service qosd is alive.
2019-09-23_12:09:09 [ ok ] Service qosd is alive.
2019-09-23_12:09:39 [ ok ] Service qosd is alive.
2019-09-23_12:10:09 [ ok ] Service qosd is alive.
2019-09-23_12:10:39 [ ok ] Service qosd is alive.
2019-09-23_12:11:09 [ ok ] Service qosd is alive.
2019-09-23_12:11:39 [ ok ] Service qosd is alive.
2019-09-23_12:12:09 [ ok ] Service qosd is alive.
2019-09-23_12:12:39 [ ok ] Service qosd is alive.
2019-09-23_12:13:09 [ ok ] Service qosd is alive.
2019-09-23_12:13:39 [ ok ] Service qosd is alive.
2019-09-23_12:14:09 [ ok ] Service qosd is alive.
2019-09-23_12:14:39 [ ok ] Service qosd is alive.
2019-09-27_15:42:59 [failed] Service qosd is down.
move /home/test/qos/logs/qosd_latest.log to /home/test/qos/logs/qosd_2019-09-27_15:42:59.log
2019-09-27_15:42:59 [failed] 1st try to start service qosd.
2019-09-27_15:42:59 [failed] Result: 
2019-09-27_15:42:59 [ ok ] Service qosd is started.
2019-09-27_15:43:29 [ ok ] Service qosd is alive.
2019-09-27_15:43:59 [ ok ] Service qosd is alive.
2019-09-27_15:44:29 [ ok ] Service qosd is alive.
2019-09-27_15:44:59 [ ok ] Service qosd is alive.
2019-09-27_15:45:29 [ ok ] Service qosd is alive.
2019-09-27_15:45:59 [ ok ] Service qosd is alive.
2019-09-27_15:46:29 [ ok ] Service qosd is alive.
2019-09-27_15:46:59 [ ok ] Service qosd is alive.
2019-09-27_15:47:29 [ ok ] Service qosd is alive.
2019-09-27_15:47:59 [ ok ] Service qosd is alive.
2019-09-27_15:48:29 [ ok ] Service qosd is alive.
2019-09-27_15:48:59 [ ok ] Service qosd is alive.
2019-09-27_15:49:46 [failed] Service qosd is down.
move /home/test/qos/logs/qosd_latest.log to /home/test/qos/logs/qosd_2019-09-27_15:49:46.log
2019-09-27_15:49:46 [failed] 1st try to start service qosd.
2019-09-27_15:49:46 [failed] Result: 
2019-09-27_15:49:46 [ ok ] Service qosd is started.
2019-09-27_15:50:16 [ ok ] Service qosd is alive.
2019-09-27_15:50:46 [ ok ] Service qosd is alive.
2019-09-27_15:51:16 [ ok ] Service qosd is alive.
2019-09-27_15:51:46 [ ok ] Service qosd is alive.
2019-09-27_15:52:16 [ ok ] Service qosd is alive.
2019-09-27_15:52:46 [ ok ] Service qosd is alive.
2019-09-27_15:53:16 [failed] Service qosd is down.
move /home/test/qos/logs/qosd_latest.log to /home/test/qos/logs/qosd_2019-09-27_15:53:16.log
2019-09-27_15:53:16 [failed] 1st try to start service qosd.
2019-09-27_15:53:16 [failed] Result: 
2019-09-27_15:53:16 [ ok ] Service qosd is started.
2019-09-27_15:53:46 [ ok ] Service qosd is alive.
2019-09-27_15:54:07 [failed] Service qosd is down.
move /home/test/qos/logs/qosd_latest.log to /home/test/qos/logs/qosd_2019-09-27_15:54:07.log
2019-09-27_15:54:07 [failed] 1st try to start service qosd.
2019-09-27_15:54:07 [failed] Result: 
2019-09-27_15:54:07 [ ok ] Service qosd is started.
2019-09-27_15:54:37 [ ok ] Service qosd is alive.
2019-09-27_15:55:07 [ ok ] Service qosd is alive.
2019-09-27_15:55:37 [ ok ] Service qosd is alive.
2019-09-27_15:56:07 [ ok ] Service qosd is alive.
2019-09-27_15:56:37 [ ok ] Service qosd is alive.
2019-09-27_15:57:07 [ ok ] Service qosd is alive.
2019-09-27_15:57:37 [ ok ] Service qosd is alive.
2019-09-27_15:58:07 [ ok ] Service qosd is alive.
2019-09-27_15:58:37 [ ok ] Service qosd is alive.
2019-09-27_15:59:07 [ ok ] Service qosd is alive.
2019-09-27_15:59:37 [ ok ] Service qosd is alive.
2019-09-27_16:00:07 [ ok ] Service qosd is alive.
2019-09-27_16:00:37 [ ok ] Service qosd is alive.
2019-09-27_16:01:07 [ ok ] Service qosd is alive.
2019-09-27_16:01:37 [ ok ] Service qosd is alive.
2019-09-27_16:02:07 [ ok ] Service qosd is alive.
2019-09-27_16:02:37 [ ok ] Service qosd is alive.
2019-09-27_16:03:07 [ ok ] Service qosd is alive.
2019-09-27_16:03:37 [ ok ] Service qosd is alive.
2019-09-27_16:04:07 [ ok ] Service qosd is alive.
2019-09-27_16:04:37 [ ok ] Service qosd is alive.
2019-09-27_16:05:07 [ ok ] Service qosd is alive.
2019-09-27_16:05:37 [ ok ] Service qosd is alive.
2019-09-27_16:06:07 [ ok ] Service qosd is alive.
2019-09-27_16:06:37 [ ok ] Service qosd is alive.
2019-09-27_16:07:07 [ ok ] Service qosd is alive.
2019-09-27_16:07:37 [ ok ] Service qosd is alive.
2019-09-27_16:08:07 [ ok ] Service qosd is alive.
2019-09-27_16:08:37 [ ok ] Service qosd is alive.
2019-09-27_16:09:07 [ ok ] Service qosd is alive.
2019-09-27_16:09:37 [ ok ] Service qosd is alive.
2019-09-27_16:10:07 [ ok ] Service qosd is alive.
2019-09-27_16:10:37 [ ok ] Service qosd is alive.
2019-09-27_16:11:07 [ ok ] Service qosd is alive.
2019-09-27_16:11:37 [ ok ] Service qosd is alive.
2019-09-27_16:12:07 [ ok ] Service qosd is alive.
2019-09-27_16:12:37 [ ok ] Service qosd is alive.
2019-09-27_16:13:07 [ ok ] Service qosd is alive.
2019-09-27_16:13:37 [ ok ] Service qosd is alive.
2019-09-27_16:14:07 [ ok ] Service qosd is alive.
2019-09-27_16:14:37 [ ok ] Service qosd is alive.
2019-09-27_16:15:07 [ ok ] Service qosd is alive.
2019-09-27_16:15:37 [ ok ] Service qosd is alive.
2019-09-27_16:16:08 [ ok ] Service qosd is alive.
2019-09-27_16:16:38 [ ok ] Service qosd is alive.
2019-09-27_16:17:08 [ ok ] Service qosd is alive.
2019-09-27_16:17:38 [ ok ] Service qosd is alive.
2019-09-27_16:18:08 [ ok ] Service qosd is alive.
2019-09-27_16:18:38 [ ok ] Service qosd is alive.
2019-09-27_16:19:08 [ ok ] Service qosd is alive.
2019-09-27_16:19:38 [ ok ] Service qosd is alive.
2019-09-27_16:20:08 [ ok ] Service qosd is alive.
2019-09-27_16:20:38 [ ok ] Service qosd is alive.
2019-09-27_16:21:08 [ ok ] Service qosd is alive.
2019-09-27_16:21:38 [ ok ] Service qosd is alive.
2019-09-27_16:22:08 [ ok ] Service qosd is alive.
2019-09-27_16:22:38 [ ok ] Service qosd is alive.
2019-09-27_16:23:08 [ ok ] Service qosd is alive.
2019-09-27_16:23:38 [ ok ] Service qosd is alive.
2019-09-27_16:24:08 [ ok ] Service qosd is alive.
2019-09-27_16:24:38 [ ok ] Service qosd is alive.
2019-09-27_16:25:08 [ ok ] Service qosd is alive.
2019-09-27_16:25:38 [ ok ] Service qosd is alive.
2019-09-27_16:26:08 [ ok ] Service qosd is alive.
2019-09-27_16:26:38 [ ok ] Service qosd is alive.
2019-09-27_16:27:08 [ ok ] Service qosd is alive.
2019-09-27_16:27:38 [ ok ] Service qosd is alive.
2019-09-27_16:28:08 [ ok ] Service qosd is alive.
2019-09-27_16:28:38 [ ok ] Service qosd is alive.
2019-09-27_16:29:08 [ ok ] Service qosd is alive.
2019-09-27_16:29:38 [ ok ] Service qosd is alive.
2019-09-27_16:30:08 [ ok ] Service qosd is alive.
2019-09-27_16:30:38 [ ok ] Service qosd is alive.
2019-09-27_16:31:08 [ ok ] Service qosd is alive.
2019-09-27_16:31:38 [ ok ] Service qosd is alive.
2019-09-27_16:32:08 [ ok ] Service qosd is alive.
2019-09-27_16:32:38 [ ok ] Service qosd is alive.
2019-09-27_16:33:08 [ ok ] Service qosd is alive.
